=== EXPERIMENT LOG ===
Experiment ID: EXP_20251022_114942
Generated: 2025-10-22 11:49:42.920

=== SYSTEM DETAILS ===
OS Name: Windows 11
OS Version: 10.0
OS Architecture: amd64
Total Memory: 252.00 MB
Free Memory: 248.24 MB
Available Processors: 16
Java Version: 17.0.11
Java Vendor: Oracle Corporation

=== EXPERIMENT DETAILS ===
Start Time: 2025-10-22 11:49:42.877
End Time: 2025-10-22 11:49:42.903
Duration: 0 seconds

=== SUMMARY STATISTICS ===
Total Packets: 80
Unique Source IPs: 2
Unique Destination IPs: 1

Protocol Distribution:
  TCP: 72 (90.0%)
  UDP: 8 (10.0%)

Experiment log saved to: logs/experiment_EXP_20251022_114942.log
